<?xml version="1.0" encoding="UTF-8"?><testsuite errors="1" failures="0" name="com.restapiexample.dummy.restapiexampleinfo.EmployeeCURDTestWithSteps" skipped="0" tests="1" time="3.34" timestamp="2022-06-06T14:42:49.815+01:00[Europe/London]"><testcase classname="com.restapiexample.dummy.restapiexampleinfo.EmployeeCURDTestWithSteps" name="This will create a new Employee"><error type="java.lang.NullPointerException"/><system-err>null&#13;
com.restapiexample.dummy.restapiexampleinfo.EmployeeCURDTestWithSteps.test001(EmployeeCURDTestWithSteps.java:37)&#13;
</system-err></testcase></testsuite>