<?xml version="1.0" encoding="UTF-8"?><testsuite errors="1" failures="0" name="com.restapiexample.dummy.restapiexampleinfo.EmployeeCURDTestWithSteps" skipped="0" tests="1" time="0.0" timestamp="2022-06-06T14:26:22.152+01:00[Europe/London]"><testcase classname="com.restapiexample.dummy.restapiexampleinfo.EmployeeCURDTestWithSteps" name="Initialisation"><error message="null" type="java.lang.NumberFormatException">null</error><system-err>null&#13;
com.restapiexample.dummy.testbase.TestBase.init(TestBase.java:18)&#13;
</system-err></testcase></testsuite>