<?xml version="1.0" encoding="UTF-8"?><testsuite errors="1" failures="3" name="Testing employees CURD operation using different request on the application." skipped="0" tests="4" time="5.95" timestamp="2022-06-21T22:11:06.829+01:00[Europe/London]"><testcase name="User can send get request."><failure message="1 expectation failed.&#10;Expected status code &lt;200&gt; but was &lt;429&gt;.&#10;" type="java.lang.AssertionError">1 expectation failed.
Expected status code &lt;200&gt; but was &lt;429&gt;.
</failure><system-err>1 expectation failed.
Expected status code &lt;200&gt; but was &lt;429&gt;.
&#13;
io.restassured.internal.ResponseSpecificationImpl.validateResponseIfRequired(ResponseSpecificationImpl.groovy:636)&#13;
io.restassured.internal.ResponseSpecificationImpl.statusCode(ResponseSpecificationImpl.groovy:122)&#13;
io.restassured.internal.ResponseSpecificationImpl.statusCode(ResponseSpecificationImpl.groovy:130)&#13;
io.restassured.internal.ValidatableResponseOptionsImpl.statusCode(ValidatableResponseOptionsImpl.java:117)&#13;
com.restapiexample.dummy.cucumber.steps.employees.userGetBackAValidStatusCode(employees.java:38)&#13;
✽.Then User get back a valid status code 200(employees.feature:5)&#13;
</system-err></testcase><testcase name="User can create data using post request."><error message="io.restassured.path.xml.XmlPath cannot be cast to java.lang.Integer" type="java.lang.ClassCastException">io.restassured.path.xml.XmlPath cannot be cast to java.lang.Integer</error><system-err>io.restassured.path.xml.XmlPath cannot be cast to java.lang.Integer&#13;
com.restapiexample.dummy.cucumber.steps.employees.userSendsAPostRequestToListEndpoint(employees.java:44)&#13;
✽.When User sends a Post request to list endpoint(employees.feature:8)&#13;
</system-err></testcase><testcase name="User can Update data using patch request."><failure message="1 expectation failed.&#10;Expected status code &lt;200&gt; but was &lt;405&gt;.&#10;" type="java.lang.AssertionError">1 expectation failed.
Expected status code &lt;200&gt; but was &lt;405&gt;.
</failure><system-err>1 expectation failed.
Expected status code &lt;200&gt; but was &lt;405&gt;.
&#13;
io.restassured.internal.ResponseSpecificationImpl.validateResponseIfRequired(ResponseSpecificationImpl.groovy:636)&#13;
io.restassured.internal.ResponseSpecificationImpl.statusCode(ResponseSpecificationImpl.groovy:122)&#13;
io.restassured.internal.ResponseSpecificationImpl.statusCode(ResponseSpecificationImpl.groovy:130)&#13;
io.restassured.internal.ValidatableResponseOptionsImpl.statusCode(ValidatableResponseOptionsImpl.java:117)&#13;
com.restapiexample.dummy.cucumber.steps.employees.userGetBackAValidStatusCode(employees.java:38)&#13;
✽.Then User get back a valid status code 200(employees.feature:14)&#13;
</system-err></testcase><testcase name="User can Delate data using delete request."><failure message="1 expectation failed.&#10;Expected status code &lt;204&gt; but was &lt;405&gt;.&#10;" type="java.lang.AssertionError">1 expectation failed.
Expected status code &lt;204&gt; but was &lt;405&gt;.
</failure><system-err>1 expectation failed.
Expected status code &lt;204&gt; but was &lt;405&gt;.
&#13;
io.restassured.internal.ResponseSpecificationImpl.validateResponseIfRequired(ResponseSpecificationImpl.groovy:636)&#13;
io.restassured.internal.ResponseSpecificationImpl.statusCode(ResponseSpecificationImpl.groovy:122)&#13;
io.restassured.internal.ResponseSpecificationImpl.statusCode(ResponseSpecificationImpl.groovy:130)&#13;
io.restassured.internal.ValidatableResponseOptionsImpl.statusCode(ValidatableResponseOptionsImpl.java:117)&#13;
com.restapiexample.dummy.cucumber.steps.employees.userGetBackAValidStatusCode(employees.java:38)&#13;
✽.Then User get back a valid status code 204(employees.feature:18)&#13;
</system-err></testcase></testsuite>